Arguments: 
  /usr/local/bin/node /usr/local/Cellar/yarn/1.22.17/libexec/bin/yarn.js install

PATH: 
  /Library/Frameworks/Python.framework/Versions/3.7/bin:/Library/Frameworks/Python.framework/Versions/3.7/bin:/usr/local/bin:/usr/bin:/bin:/usr/sbin:/sbin:/Library/Apple/usr/bin:/Users/adamlee/.android-sdk-macosx/platform-tools/:/Users/adamlee/.rvm/bin

Yarn version: 
  1.22.17

Node version: 
  16.13.0

Platform: 
  darwin x64

Trace: 
  SyntaxError: /Users/adamlee/Desktop/Mosaic/Libraries/react-native-maps-navigation/package.json: Unexpected token } in JSON at position 1224
      at JSON.parse (<anonymous>)
      at /usr/local/Cellar/yarn/1.22.17/libexec/lib/cli.js:1625:59
      at Generator.next (<anonymous>)
      at step (/usr/local/Cellar/yarn/1.22.17/libexec/lib/cli.js:310:30)
      at /usr/local/Cellar/yarn/1.22.17/libexec/lib/cli.js:321:13

npm manifest: 
  {
    "name": "react-native-maps-navigation",
    "version": "0.0.14",
    "description": "A helper and component library for react-native-maps that enables navigation support",
    "main": "index.js",
    "repository": {
      "type": "git",
      "url": "https://github.com/flyandi/react-native-maps-navigation.git"
    },
    "keywords": [
      "react",
      "native",
      "react-native",
      "react-native-maps",
      "maps",
      "navigation",
      "gps",
      "ios",
      "android",
      "react-component"
    ],
    "author": "Andy Schwarz <flyandi@yahoo.com> (http://flyandi.net)",
    "license": {
      "type": "MIT",
      "url": "https://github.com/flyandi/react-native-maps-navigation/blob/master/LICENSE"
    },
    "bugs": {
      "url": "https://github.com/flyandi/react-native-maps-navigation/issues"
    },
    "scripts": {
      "test": "jest"
    },
    "jest": {
      "preset": "react-native"
    },
    "homepage": "https://github.com/flyandi/react-native-maps-navigation#readme",
    "peerDependencies": {
      "react": "*",
      "react-native": "*",
      "react-native-maps": ">=0.21.0"
    },
    "dependencies": {
      "geolib": "^3.0.2",
      "prop-types": "^15.6.2",
      "react-native-optiongroup": "^0.0.7",
      "@react-native-community/geolocation": "^2.0.2",
    },
    "rnpm": {
      "assets": [
        "./assets/fonts"
      ]
    }
  }

yarn manifest: 
  No manifest

Lockfile: 
  No lockfile
